<?xml version="1.0" encoding="UTF-8"?>
<!-- Generated by org.testng.reporters.JUnitXMLReporter -->
<testsuite hostname="Neeraj-PC" name="TestNG Test Group" tests="3" failures="0" timestamp="27 Feb 2018 07:41:39 GMT" time="90.426" errors="0">
  <testcase name="testGooglePageTitleInFirefox" time="10.705" classname="com.testng.TestA"/>
  <testcase name="testGooglePageTitleInFirefox" time="3.339" classname="com.testng.TestB"/>
  <testcase name="testGooglePageTitleInFirefox" time="3.069" classname="com.testng.TestC"/>
</testsuite> <!-- TestNG Test Group -->
