<?xml version="1.0" encoding="UTF-8"?>
<!-- Generated by org.testng.reporters.JUnitXMLReporter -->
<testsuite hostname="Neeraj-PC" name="TestNG Test Group" tests="3" failures="0" timestamp="26 Feb 2018 18:58:32 GMT" time="86.761" errors="0">
  <testcase name="testGooglePageTitleInFirefox" time="11.989" classname="com.testng.TestA"/>
  <testcase name="testGooglePageTitleInFirefox" time="3.075" classname="com.testng.TestB"/>
  <testcase name="testGooglePageTitleInFirefox" time="1.907" classname="com.testng.TestC"/>
</testsuite> <!-- TestNG Test Group -->
