<?xml version="1.0" encoding="UTF-8"?>
<testng-results skipped="0" failed="0" total="3" passed="3">
  <reporter-output>
  </reporter-output>
  <suite name="Suite" duration-ms="90426" started-at="2018-02-27T07:40:09Z" finished-at="2018-02-27T07:41:39Z">
    <groups>
    </groups>
    <test name="TestNG Test Group" duration-ms="90426" started-at="2018-02-27T07:40:09Z" finished-at="2018-02-27T07:41:39Z">
      <class name="com.testng.TestA">
        <test-method status="PASS" signature="setUp()[pri:0, instance:com.testng.TestA@1ef7fe8e]" name="setUp" is-config="true" duration-ms="37532" started-at="2018-02-27T13:10:09Z" finished-at="2018-02-27T13:10:46Z">
          <reporter-output>
          </reporter-output>
        </test-method> <!-- setUp -->
        <test-method status="PASS" signature="testGooglePageTitleInFirefox()[pri:0, instance:com.testng.TestA@1ef7fe8e]" name="testGooglePageTitleInFirefox" duration-ms="10705" started-at="2018-02-27T13:10:46Z" finished-at="2018-02-27T13:10:57Z">
          <reporter-output>
          </reporter-output>
        </test-method> <!-- testGooglePageTitleInFirefox -->
        <test-method status="PASS" signature="tearDown()[pri:0, instance:com.testng.TestA@1ef7fe8e]" name="tearDown" is-config="true" duration-ms="1357" started-at="2018-02-27T13:10:57Z" finished-at="2018-02-27T13:10:58Z">
          <reporter-output>
          </reporter-output>
        </test-method> <!-- tearDown -->
      </class> <!-- com.testng.TestA -->
      <class name="com.testng.TestB">
        <test-method status="PASS" signature="setUp()[pri:0, instance:com.testng.TestB@46f5f779]" name="setUp" is-config="true" duration-ms="15434" started-at="2018-02-27T13:10:58Z" finished-at="2018-02-27T13:11:14Z">
          <reporter-output>
          </reporter-output>
        </test-method> <!-- setUp -->
        <test-method status="PASS" signature="testGooglePageTitleInFirefox()[pri:0, instance:com.testng.TestB@46f5f779]" name="testGooglePageTitleInFirefox" duration-ms="3339" started-at="2018-02-27T13:11:14Z" finished-at="2018-02-27T13:11:17Z">
          <reporter-output>
          </reporter-output>
        </test-method> <!-- testGooglePageTitleInFirefox -->
        <test-method status="PASS" signature="tearDown()[pri:0, instance:com.testng.TestB@46f5f779]" name="tearDown" is-config="true" duration-ms="1180" started-at="2018-02-27T13:11:17Z" finished-at="2018-02-27T13:11:18Z">
          <reporter-output>
          </reporter-output>
        </test-method> <!-- tearDown -->
      </class> <!-- com.testng.TestB -->
      <class name="com.testng.TestC">
        <test-method status="PASS" signature="setUp()[pri:0, instance:com.testng.TestC@6f79caec]" name="setUp" is-config="true" duration-ms="8445" started-at="2018-02-27T13:11:18Z" finished-at="2018-02-27T13:11:27Z">
          <reporter-output>
          </reporter-output>
        </test-method> <!-- setUp -->
        <test-method status="PASS" signature="testGooglePageTitleInFirefox()[pri:0, instance:com.testng.TestC@6f79caec]" name="testGooglePageTitleInFirefox" duration-ms="3069" started-at="2018-02-27T13:11:27Z" finished-at="2018-02-27T13:11:30Z">
          <reporter-output>
          </reporter-output>
        </test-method> <!-- testGooglePageTitleInFirefox -->
        <test-method status="PASS" signature="tearDown()[pri:0, instance:com.testng.TestC@6f79caec]" name="tearDown" is-config="true" duration-ms="9320" started-at="2018-02-27T13:11:30Z" finished-at="2018-02-27T13:11:39Z">
          <reporter-output>
          </reporter-output>
        </test-method> <!-- tearDown -->
      </class> <!-- com.testng.TestC -->
    </test> <!-- TestNG Test Group -->
  </suite> <!-- Suite -->
</testng-results>
